This is LuaTeX, Version beta-0.80.0 (TeX Live 2015) (rev 5238)  (format=lualatex 2015.10.10)  4 APR 2018 08:37
 restricted \write18 enabled.
**cv_8.tex
(./cv_8.tex
LaTeX2e <2015/01/01>
Babel <3.9l> and hyphenation patterns for 79 languages loaded.
(/usr/local/texlive/2015/texmf-dist/tex/latex/koma-script/scrartcl.cls
Document Class: scrartcl 2015/05/06 v3.17a KOMA-Script document class (article)
(/usr/local/texlive/2015/texmf-dist/tex/latex/koma-script/scrkbase.sty
Package: scrkbase 2015/05/06 v3.17a KOMA-Script package (KOMA-Script-dependent b
asics and keyval usage)

(/usr/local/texlive/2015/texmf-dist/tex/latex/koma-script/scrbase.sty
Package: scrbase 2015/05/06 v3.17a KOMA-Script package (KOMA-Script-independent 
basics and keyval usage)

(/usr/local/texlive/2015/texmf-dist/tex/latex/graphics/keyval.sty
Package: keyval 2014/10/28 v1.15 key=value parser (DPC)
\KV@toks@=\toks14
)
(/usr/local/texlive/2015/texmf-dist/tex/latex/koma-script/scrlfile.sty
Package: scrlfile 2015/05/06 v3.17a KOMA-Script package (loading files)

Package scrlfile, 2015/05/06 v3.17a KOMA-Script package (loading files)
                  Copyright (C) Markus Kohm

))) (/usr/local/texlive/2015/texmf-dist/tex/latex/koma-script/tocbasic.sty
Package: tocbasic 2015/05/06 v3.17a KOMA-Script package (handling toc-files)
)
Package tocbasic Info: omitting babel extension for `toc'
(tocbasic)             because of feature `nobabel' available
(tocbasic)             for `toc' on input line 122.
Package tocbasic Info: omitting babel extension for `lof'
(tocbasic)             because of feature `nobabel' available
(tocbasic)             for `lof' on input line 123.
Package tocbasic Info: omitting babel extension for `lot'
(tocbasic)             because of feature `nobabel' available
(tocbasic)             for `lot' on input line 124.
Class scrartcl Info: File `scrsize11pt.clo' used instead of
(scrartcl)           file `scrsize11.clo' to setup font sizes on input line 1942
.

(/usr/local/texlive/2015/texmf-dist/tex/latex/koma-script/scrsize11pt.clo
File: scrsize11pt.clo 2015/05/06 v3.17a KOMA-Script font size class option (11pt
)
)
(/usr/local/texlive/2015/texmf-dist/tex/latex/koma-script/typearea.sty
Package: typearea 2015/05/06 v3.17a KOMA-Script package (type area)

Package typearea, 2015/05/06 v3.17a KOMA-Script package (type area)
                  Copyright (C) Frank Neukam, 1992-1994
                  Copyright (C) Markus Kohm, 1994-

\ta@bcor=\skip41
\ta@div=\count79
\ta@hblk=\skip42
\ta@vblk=\skip43
\ta@temp=\skip44
\footheight=\skip45
Package typearea Info: These are the values describing the layout:
(typearea)             DIV  = 10
(typearea)             BCOR = 0.0pt
(typearea)             \paperwidth      = 597.50793pt
(typearea)              \textwidth      = 418.25555pt
(typearea)              DIV departure   = -6%
(typearea)              \evensidemargin = 17.3562pt
(typearea)              \oddsidemargin  = 17.3562pt
(typearea)             \paperheight     = 845.04694pt
(typearea)              \textheight     = 595.80026pt
(typearea)              \topmargin      = -25.16531pt
(typearea)              \headheight     = 17.0pt
(typearea)              \headsep        = 20.40001pt
(typearea)              \topskip        = 11.0pt
(typearea)              \footskip       = 47.6pt
(typearea)              \baselineskip   = 13.6pt
(typearea)              on input line 1485.
)
\c@part=\count80
\c@section=\count81
\c@subsection=\count82
\c@subsubsection=\count83
\c@paragraph=\count84
\c@subparagraph=\count85
LaTeX Info: Redefining \textsubscript on input line 3718.
\abovecaptionskip=\skip46
\belowcaptionskip=\skip47
\c@pti@nb@sid@b@x=\box26
\c@figure=\count86
\c@table=\count87
\bibindent=\dimen102
) (/usr/local/texlive/2015/texmf-dist/tex/latex/xcolor/xcolor.sty
Package: xcolor 2007/01/21 v2.11 LaTeX color extensions (UK)

(/usr/local/texlive/2015/texmf-dist/tex/latex/latexconfig/color.cfg
File: color.cfg 2007/01/18 v1.5 color configuration of teTeX/TeXLive
)
Package xcolor Info: Driver file: pdftex.def on input line 225.

(/usr/local/texlive/2015/texmf-dist/tex/latex/pdftex-def/pdftex.def
File: pdftex.def 2011/05/27 v0.06d Graphics/color for pdfTeX

(/usr/local/texlive/2015/texmf-dist/tex/generic/oberdiek/infwarerr.sty
Package: infwarerr 2010/04/08 v1.3 Providing info/warning/error messages (HO)
)
(/usr/local/texlive/2015/texmf-dist/tex/generic/oberdiek/ltxcmds.sty
Package: ltxcmds 2011/11/09 v1.22 LaTeX kernel commands for general use (HO)
)
\Gread@gobject=\count88
)
Package xcolor Info: Model `cmy' substituted by `cmy0' on input line 1337.
Package xcolor Info: Model `hsb' substituted by `rgb' on input line 1341.
Package xcolor Info: Model `RGB' extended on input line 1353.
Package xcolor Info: Model `HTML' substituted by `rgb' on input line 1355.
Package xcolor Info: Model `Hsb' substituted by `hsb' on input line 1356.
Package xcolor Info: Model `tHsb' substituted by `hsb' on input line 1357.
Package xcolor Info: Model `HSB' substituted by `hsb' on input line 1358.
Package xcolor Info: Model `Gray' substituted by `gray' on input line 1359.
Package xcolor Info: Model `wave' substituted by `hsb' on input line 1360.

(/usr/local/texlive/2015/texmf-dist/tex/latex/graphics/dvipsnam.def
File: dvipsnam.def 2014/10/14 v3.0j Driver-dependent file (DPC,SPQR)
))
(/usr/local/texlive/2015/texmf-dist/tex/latex/base/inputenc.sty
Package: inputenc 2015/03/17 v1.2c Input encoding file
\inpenc@prehook=\toks15
\inpenc@posthook=\toks16


Package inputenc Warning: inputenc package ignored with utf8 based engines.

) (/usr/local/texlive/2015/texmf-dist/tex/latex/base/fontenc.sty
Package: fontenc 2005/09/27 v1.99g Standard LaTeX package

(/usr/local/texlive/2015/texmf-dist/tex/latex/base/t1enc.def
File: t1enc.def 2005/09/27 v1.99g Standard LaTeX file
LaTeX Font Info:    Redeclaring font encoding T1 on input line 48.
))
(/usr/local/texlive/2015/texmf-dist/tex/latex/base/textcomp.sty
Package: textcomp 2005/09/27 v1.99g Standard LaTeX package
Package textcomp Info: Sub-encoding information:
(textcomp)               5 = only ISO-Adobe without \textcurrency
(textcomp)               4 = 5 + \texteuro
(textcomp)               3 = 4 + \textohm
(textcomp)               2 = 3 + \textestimated + \textcurrency
(textcomp)               1 = TS1 - \textcircled - \t
(textcomp)               0 = TS1 (full)
(textcomp)             Font families with sub-encoding setting implement
(textcomp)             only a restricted character set as indicated.
(textcomp)             Family '?' is the default used for unknown fonts.
(textcomp)             See the documentation for details.
Package textcomp Info: Setting ? sub-encoding to TS1/1 on input line 79.

(/usr/local/texlive/2015/texmf-dist/tex/latex/base/ts1enc.def
File: ts1enc.def 2001/06/05 v3.0e (jk/car/fm) Standard LaTeX file
)
LaTeX Info: Redefining \oldstylenums on input line 334.
Package textcomp Info: Setting cmr sub-encoding to TS1/0 on input line 349.
Package textcomp Info: Setting cmss sub-encoding to TS1/0 on input line 350.
Package textcomp Info: Setting cmtt sub-encoding to TS1/0 on input line 351.
Package textcomp Info: Setting cmvtt sub-encoding to TS1/0 on input line 352.
Package textcomp Info: Setting cmbr sub-encoding to TS1/0 on input line 353.
Package textcomp Info: Setting cmtl sub-encoding to TS1/0 on input line 354.
Package textcomp Info: Setting ccr sub-encoding to TS1/0 on input line 355.
Package textcomp Info: Setting ptm sub-encoding to TS1/4 on input line 356.
Package textcomp Info: Setting pcr sub-encoding to TS1/4 on input line 357.
Package textcomp Info: Setting phv sub-encoding to TS1/4 on input line 358.
Package textcomp Info: Setting ppl sub-encoding to TS1/3 on input line 359.
Package textcomp Info: Setting pag sub-encoding to TS1/4 on input line 360.
Package textcomp Info: Setting pbk sub-encoding to TS1/4 on input line 361.
Package textcomp Info: Setting pnc sub-encoding to TS1/4 on input line 362.
Package textcomp Info: Setting pzc sub-encoding to TS1/4 on input line 363.
Package textcomp Info: Setting bch sub-encoding to TS1/4 on input line 364.
Package textcomp Info: Setting put sub-encoding to TS1/5 on input line 365.
Package textcomp Info: Setting uag sub-encoding to TS1/5 on input line 366.
Package textcomp Info: Setting ugq sub-encoding to TS1/5 on input line 367.
Package textcomp Info: Setting ul8 sub-encoding to TS1/4 on input line 368.
Package textcomp Info: Setting ul9 sub-encoding to TS1/4 on input line 369.
Package textcomp Info: Setting augie sub-encoding to TS1/5 on input line 370.
Package textcomp Info: Setting dayrom sub-encoding to TS1/3 on input line 371.
Package textcomp Info: Setting dayroms sub-encoding to TS1/3 on input line 372.
Package textcomp Info: Setting pxr sub-encoding to TS1/0 on input line 373.
Package textcomp Info: Setting pxss sub-encoding to TS1/0 on input line 374.
Package textcomp Info: Setting pxtt sub-encoding to TS1/0 on input line 375.
Package textcomp Info: Setting txr sub-encoding to TS1/0 on input line 376.
Package textcomp Info: Setting txss sub-encoding to TS1/0 on input line 377.
Package textcomp Info: Setting txtt sub-encoding to TS1/0 on input line 378.
Package textcomp Info: Setting lmr sub-encoding to TS1/0 on input line 379.
Package textcomp Info: Setting lmdh sub-encoding to TS1/0 on input line 380.
Package textcomp Info: Setting lmss sub-encoding to TS1/0 on input line 381.
Package textcomp Info: Setting lmssq sub-encoding to TS1/0 on input line 382.
Package textcomp Info: Setting lmvtt sub-encoding to TS1/0 on input line 383.
Package textcomp Info: Setting lmtt sub-encoding to TS1/0 on input line 384.
Package textcomp Info: Setting qhv sub-encoding to TS1/0 on input line 385.
Package textcomp Info: Setting qag sub-encoding to TS1/0 on input line 386.
Package textcomp Info: Setting qbk sub-encoding to TS1/0 on input line 387.
Package textcomp Info: Setting qcr sub-encoding to TS1/0 on input line 388.
Package textcomp Info: Setting qcs sub-encoding to TS1/0 on input line 389.
Package textcomp Info: Setting qpl sub-encoding to TS1/0 on input line 390.
Package textcomp Info: Setting qtm sub-encoding to TS1/0 on input line 391.
Package textcomp Info: Setting qzc sub-encoding to TS1/0 on input line 392.
Package textcomp Info: Setting qhvc sub-encoding to TS1/0 on input line 393.
Package textcomp Info: Setting futs sub-encoding to TS1/4 on input line 394.
Package textcomp Info: Setting futx sub-encoding to TS1/4 on input line 395.
Package textcomp Info: Setting futj sub-encoding to TS1/4 on input line 396.
Package textcomp Info: Setting hlh sub-encoding to TS1/3 on input line 397.
Package textcomp Info: Setting hls sub-encoding to TS1/3 on input line 398.
Package textcomp Info: Setting hlst sub-encoding to TS1/3 on input line 399.
Package textcomp Info: Setting hlct sub-encoding to TS1/5 on input line 400.
Package textcomp Info: Setting hlx sub-encoding to TS1/5 on input line 401.
Package textcomp Info: Setting hlce sub-encoding to TS1/5 on input line 402.
Package textcomp Info: Setting hlcn sub-encoding to TS1/5 on input line 403.
Package textcomp Info: Setting hlcw sub-encoding to TS1/5 on input line 404.
Package textcomp Info: Setting hlcf sub-encoding to TS1/5 on input line 405.
Package textcomp Info: Setting pplx sub-encoding to TS1/3 on input line 406.
Package textcomp Info: Setting pplj sub-encoding to TS1/3 on input line 407.
Package textcomp Info: Setting ptmx sub-encoding to TS1/4 on input line 408.
Package textcomp Info: Setting ptmj sub-encoding to TS1/4 on input line 409.
)
(/usr/local/texlive/2015/texmf-dist/tex/latex/classicthesis/classicthesis.sty
Package: classicthesis 2012/08/12 v4.1 Typographic style for a classic-looking t
hesis

(/usr/local/texlive/2015/texmf-dist/tex/latex/base/ifthen.sty
Package: ifthen 2014/09/29 v1.1c Standard LaTeX ifthen package (DPC)
)
Package classicthesis Info: Using option "nochapters" (probably for an article).
 This turns off the options "linedheaders", "manychapters", "floatperchapter","l
istsseparated", "eulerchapternumbers", and "parts". Please be aware of that. on 
input line 156.

(/usr/local/texlive/2015/texmf-dist/tex/generic/oberdiek/ifpdf.sty
Package: ifpdf 2011/01/30 v2.3 Provides the ifpdf switch (HO)
Package ifpdf Info: pdfTeX in PDF mode is detected.
)
(/usr/local/texlive/2015/texmf-dist/tex/latex/hyperref/hyperref.sty
Package: hyperref 2012/11/06 v6.83m Hypertext links for LaTeX

(/usr/local/texlive/2015/texmf-dist/tex/generic/oberdiek/hobsub-hyperref.sty
Package: hobsub-hyperref 2012/05/28 v1.13 Bundle oberdiek, subset hyperref (HO)

(/usr/local/texlive/2015/texmf-dist/tex/generic/oberdiek/hobsub-generic.sty
Package: hobsub-generic 2012/05/28 v1.13 Bundle oberdiek, subset generic (HO)
Package: hobsub 2012/05/28 v1.13 Construct package bundles (HO)
Package hobsub Info: Skipping package `infwarerr' (already loaded).
Package hobsub Info: Skipping package `ltxcmds' (already loaded).
Package: ifluatex 2010/03/01 v1.3 Provides the ifluatex switch (HO)
Package ifluatex Info: LuaTeX detected.
Package: ifvtex 2010/03/01 v1.5 Detect VTeX and its facilities (HO)
Package ifvtex Info: VTeX not detected.
Package: intcalc 2007/09/27 v1.1 Expandable calculations with integers (HO)
Package hobsub Info: Skipping package `ifpdf' (already loaded).
Package: etexcmds 2011/02/16 v1.5 Avoid name clashes with e-TeX commands (HO)
Package: kvsetkeys 2012/04/25 v1.16 Key value parser (HO)
Package: kvdefinekeys 2011/04/07 v1.3 Define keys (HO)
Package: luatex-loader 2010/03/09 v0.4 Lua module loader (HO)

(/usr/local/texlive/2015/texmf-dist/scripts/oberdiek/oberdiek.luatex.lua)
Package: pdftexcmds 2011/11/29 v0.20 Utility functions of pdfTeX for LuaTeX (HO)

Package pdftexcmds Info: \pdf@primitive is available.
Package pdftexcmds Info: \pdf@ifprimitive is available.
Package pdftexcmds Info: \pdfdraftmode found.
\pdftexcmds@toks=\toks17
Package: pdfescape 2011/11/25 v1.13 Implements pdfTeX's escape features (HO)
Package: bigintcalc 2012/04/08 v1.3 Expandable calculations on big integers (HO)

Package: bitset 2011/01/30 v1.1 Handle bit-vector datatype (HO)
Package: uniquecounter 2011/01/30 v1.2 Provide unlimited unique counter (HO)
)
Package hobsub Info: Skipping package `hobsub' (already loaded).
Package: letltxmacro 2010/09/02 v1.4 Let assignment for LaTeX macros (HO)
Package: hopatch 2012/05/28 v1.2 Wrapper for package hooks (HO)
Package: xcolor-patch 2011/01/30 xcolor patch
Package: atveryend 2011/06/30 v1.8 Hooks at the very end of document (HO)
Package atveryend Info: \enddocument detected (standard20110627).
Package: atbegshi 2011/10/05 v1.16 At begin shipout hook (HO)
Package: refcount 2011/10/16 v3.4 Data extraction from label references (HO)
Package: hycolor 2011/01/30 v1.7 Color options for hyperref/bookmark (HO)
)
(/usr/local/texlive/2015/texmf-dist/tex/generic/ifxetex/ifxetex.sty
Package: ifxetex 2010/09/12 v0.6 Provides ifxetex conditional
)
(/usr/local/texlive/2015/texmf-dist/tex/latex/oberdiek/auxhook.sty
Package: auxhook 2011/03/04 v1.3 Hooks for auxiliary files (HO)
)
(/usr/local/texlive/2015/texmf-dist/tex/latex/oberdiek/kvoptions.sty
Package: kvoptions 2011/06/30 v3.11 Key value format for package options (HO)
)
\@linkdim=\dimen103
\Hy@linkcounter=\count89
\Hy@pagecounter=\count90

(/usr/local/texlive/2015/texmf-dist/tex/latex/hyperref/pd1enc.def
File: pd1enc.def 2012/11/06 v6.83m Hyperref: PDFDocEncoding definition (HO)
)
\Hy@SavedSpaceFactor=\count91

(/usr/local/texlive/2015/texmf-dist/tex/latex/latexconfig/hyperref.cfg
File: hyperref.cfg 2002/06/06 v1.2 hyperref configuration of TeXLive
)
Package hyperref Info: Hyper figures OFF on input line 4443.
Package hyperref Info: Link nesting OFF on input line 4448.
Package hyperref Info: Hyper index ON on input line 4451.
Package hyperref Info: Plain pages OFF on input line 4458.
Package hyperref Info: Backreferencing OFF on input line 4463.
Package hyperref Info: Implicit mode ON; LaTeX internals redefined.
Package hyperref Info: Bookmarks ON on input line 4688.
\c@Hy@tempcnt=\count92

(/usr/local/texlive/2015/texmf-dist/tex/latex/url/url.sty
\Urlmuskip=\muskip10
Package: url 2013/09/16  ver 3.4  Verb mode for urls, etc.
)
LaTeX Info: Redefining \url on input line 5041.
\XeTeXLinkMargin=\dimen104
\Fld@menulength=\count93
\Field@Width=\dimen105
\Fld@charsize=\dimen106
Package hyperref Info: Hyper figures OFF on input line 6295.
Package hyperref Info: Link nesting OFF on input line 6300.
Package hyperref Info: Hyper index ON on input line 6303.
Package hyperref Info: backreferencing OFF on input line 6310.
Package hyperref Info: Link coloring OFF on input line 6315.
Package hyperref Info: Link coloring with OCG OFF on input line 6320.
Package hyperref Info: PDF/A mode OFF on input line 6325.
LaTeX Info: Redefining \ref on input line 6365.
LaTeX Info: Redefining \pageref on input line 6369.
\Hy@abspage=\count94
\c@Item=\count95
\c@Hfootnote=\count96
)

Package hyperref Message: Driver (autodetected): hpdftex.

(/usr/local/texlive/2015/texmf-dist/tex/latex/hyperref/hpdftex.def
File: hpdftex.def 2012/11/06 v6.83m Hyperref driver for pdfTeX
\Fld@listcount=\count97
\c@bookmark@seq@number=\count98

(/usr/local/texlive/2015/texmf-dist/tex/latex/oberdiek/rerunfilecheck.sty
Package: rerunfilecheck 2011/04/15 v1.7 Rerun checks for auxiliary files (HO)
Package uniquecounter Info: New unique counter `rerunfilecheck' on input line 28
2.
)
\Hy@SectionHShift=\skip48
)
(/usr/local/texlive/2015/texmf-dist/tex/latex/psnfss/mathpazo.sty
Package: mathpazo 2005/04/12 PSNFSS-v9.2a Palatino w/ Pazo Math (D.Puga, WaS) 
\symupright=\mathgroup4
)
(/usr/local/texlive/2015/texmf-dist/tex/latex/microtype/microtype.sty
Package: microtype 2013/05/23 v2.5a Micro-typographical refinements (RS)
\MT@toks=\toks18
\MT@count=\count99
LaTeX Info: Redefining \textls on input line 766.
\MT@outer@kern=\dimen107
LaTeX Info: Redefining \textmicrotypecontext on input line 1285.
\MT@listname@count=\count100

(/usr/local/texlive/2015/texmf-dist/tex/latex/microtype/microtype-luatex.def
File: microtype-luatex.def 2013/05/23 v2.5a Definitions specific to luatex (RS)

(/usr/local/texlive/2015/texmf-dist/tex/luatex/luatexbase/luatexbase.sty
Package: luatexbase 2013/05/11 v0.6 Resource management for the LuaTeX macro pro
grammer

(/usr/local/texlive/2015/texmf-dist/tex/generic/oberdiek/luatex.sty
Package: luatex 2010/03/09 v0.4 LuaTeX basic definition package (HO)

(/usr/local/texlive/2015/texmf-dist/tex/latex/etex-pkg/etex.sty
Package: etex 2015/03/02 v2.1 eTeX basic definition package (PEB,DPC)
\et@xins=\count101
)
\LuT@AllocAttribute=\count277
\LuT@AllocCatcodeTable=\count278
\CatcodeTableStack=\count279
\CatcodeTableIniTeX=\catcodetable1
\CatcodeTableString=\catcodetable3
\CatcodeTableOther=\catcodetable5
\CatcodeTableLaTeX=\catcodetable7
)
(/usr/local/texlive/2015/texmf-dist/tex/luatex/luatexbase/luatexbase-compat.sty
Package: luatexbase-compat 2011/05/24 v0.4 Compatibility tools for LuaTeX
)
(/usr/local/texlive/2015/texmf-dist/tex/luatex/luatexbase/luatexbase-modutils.s
ty
Package: luatexbase-modutils 2013/05/11 v0.6 Module utilities for LuaTeX

(/usr/local/texlive/2015/texmf-dist/tex/luatex/luatexbase/luatexbase-loader.sty
Package: luatexbase-loader 2013/05/11 v0.6 Lua module loader for LuaTeX
(/usr/local/texlive/2015/texmf-dist/tex/luatex/luatexbase/luatexbase.loader.lua)
)
(/usr/local/texlive/2015/texmf-dist/tex/luatex/luatexbase/modutils.lua)
Lua module: luatexbase-modutils 2013/05/11 0.6 Module utilities for LuaTeX
)
(/usr/local/texlive/2015/texmf-dist/tex/luatex/luatexbase/luatexbase-regs.sty
Package: luatexbase-regs 2011/05/24 v0.4 Registers allocation for LuaTeX
)
(/usr/local/texlive/2015/texmf-dist/tex/luatex/luatexbase/luatexbase-attr.sty
Package: luatexbase-attr 2013/05/11 v0.6 Attributes allocation for LuaTeX

(/usr/local/texlive/2015/texmf-dist/tex/luatex/luatexbase/attr.lua)
Lua module: luatexbase-attr 2013/05/11 0.6 Attributes allocation for LuaTeX
\lltxb@attr@unsetvalue=\count280
)
(/usr/local/texlive/2015/texmf-dist/tex/luatex/luatexbase/luatexbase-cctb.sty
Package: luatexbase-cctb 2013/05/11 v0.6 Catcodetable allocation for LuaTeX

(/usr/local/texlive/2015/texmf-dist/tex/luatex/luatexbase/cctb.lua)
Lua module: luatexbase-cctb 2013/05/11 0.6 Catcodetable allocation for LuaTeX
\lltxb@catcodetable@alloc=\count281
\CatcodeTableStack=\count282
\CatcodeTableIniTeX=\luatexcatcodetable1
\CatcodeTableString=\luatexcatcodetable3
\CatcodeTableOther=\luatexcatcodetable5
\CatcodeTableLaTeX=\luatexcatcodetable7
\CatcodeTableLaTeXAtLetter=\luatexcatcodetable9
\CatcodeTableExpl=\luatexcatcodetable11
)
(/usr/local/texlive/2015/texmf-dist/tex/luatex/luatexbase/luatexbase-mcb.sty
Package: luatexbase-mcb 2013/05/11 v0.6 Callback management for LuaTeX

(/usr/local/texlive/2015/texmf-dist/tex/luatex/luatexbase/mcb.lua)
Lua module: luatexbase-mcb 2013/05/11 0.6 register several functions in a callba
ck
))
(/usr/local/texlive/2015/texmf-dist/tex/latex/microtype/microtype.lua)
Lua module: microtype 2013/05/15 2.5 microtype module.
LaTeX Info: Redefining \lsstyle on input line 644.
LaTeX Info: Redefining \lslig on input line 644.
\MT@outer@space=\skip256
)
Package microtype Info: Loading configuration file microtype.cfg.

(/usr/local/texlive/2015/texmf-dist/tex/latex/microtype/microtype.cfg
File: microtype.cfg 2013/05/23 v2.5a microtype main configuration file (RS)
))
Package classicthesis Info: A4 paper, Palatino or other on input line 270.
Package typearea Info: These are the values describing the layout:
(typearea)             DIV  = areaset
(typearea)             BCOR = 0.0pt
(typearea)             \paperwidth      = 597.50793pt
(typearea)              \textwidth      = 336.0pt
(typearea)              \evensidemargin = 58.48398pt
(typearea)              \oddsidemargin  = 58.48398pt
(typearea)             \paperheight     = 845.04694pt
(typearea)              \textheight     = 750.0pt
(typearea)              \topmargin      = -76.93768pt
(typearea)              \headheight     = 15.95pt
(typearea)              \headsep        = 20.40001pt
(typearea)              \topskip        = 11.0pt
(typearea)              \footskip       = 47.60002pt
(typearea)              \baselineskip   = 13.6pt
(typearea)              on input line 270.

(/usr/local/texlive/2015/texmf-dist/tex/latex/booktabs/booktabs.sty
Package: booktabs 2005/04/14 v1.61803 publication quality tables
\heavyrulewidth=\dimen256
\lightrulewidth=\dimen257
\cmidrulewidth=\dimen258
\belowrulesep=\dimen259
\belowbottomsep=\dimen260
\aboverulesep=\dimen261
\abovetopsep=\dimen262
\cmidrulesep=\dimen263
\cmidrulekern=\dimen264
\defaultaddspace=\dimen265
\@cmidla=\count283
\@cmidlb=\count284
\@aboverulesep=\dimen266
\@belowrulesep=\dimen267
\@thisruleclass=\count285
\@lastruleclass=\count286
\@thisrulewidth=\dimen268
)
(/usr/local/texlive/2015/texmf-dist/tex/latex/textcase/textcase.sty
Package: textcase 2004/10/07 v0.07 Text only upper/lower case changing (DPC)
)
(/usr/local/texlive/2015/texmf-dist/tex/latex/soul/soul.sty
Package: soul 2003/11/17 v2.4 letterspacing/underlining (mf)
\SOUL@word=\toks19
\SOUL@lasttoken=\toks20
\SOUL@cmds=\toks21
\SOUL@buffer=\toks22
\SOUL@token=\toks23
\SOUL@spaceskip=\skip257
\SOUL@ttwidth=\dimen269
\SOUL@uldp=\dimen270
\SOUL@ulht=\dimen271
)
(/usr/local/texlive/2015/texmf-dist/tex/latex/koma-script/scrpage2.sty
Package: scrpage2 2015/05/06 v3.17a KOMA-Script package (page head and foot)
LaTeX Info: Redefining \pagemark on input line 174.
)

Class scrartcl Warning: Usage of package `titlesec' together
(scrartcl)              with a KOMA-Script class is not recommended.
(scrartcl)              I'd suggest to use the package only
(scrartcl)              if you really need it, because it breaks several
(scrartcl)              KOMA-Script features, i.e., option `headings' and
(scrartcl)              the extended optional argument of the section
(scrartcl)              commands.
(scrartcl)              Nevertheless, using requested
(scrartcl)              package `titlesec' on input line 373.

(/usr/local/texlive/2015/texmf-dist/tex/latex/titlesec/titlesec.sty
Package: titlesec 2011/12/15 v2.10.0 Sectioning titles
\ttl@box=\box256
\beforetitleunit=\skip258
\aftertitleunit=\skip259
\ttl@plus=\dimen272
\ttl@minus=\dimen273
\ttl@toksa=\toks24
\titlewidth=\dimen274
\titlewidthlast=\dimen275
\titlewidthfirst=\dimen276


Package titlesec Warning: Non standard sectioning command detected
(titlesec)                Using default spacing and no format.


Package titlesec Warning: Non standard sectioning command detected
(titlesec)                Using default spacing and no format.


Package titlesec Warning: Non standard sectioning command detected
(titlesec)                Using default spacing and no format.


Package titlesec Warning: Non standard sectioning command detected
(titlesec)                Using default spacing and no format.


Package titlesec Warning: Non standard sectioning command detected
(titlesec)                Using default spacing and no format.

)

Package scrartcl Warning: Activating an ugly workaround for a missing
(scrartcl)                feature of package `titlesec` on input line 373.

(/usr/local/texlive/2015/texmf-dist/tex/latex/tocloft/tocloft.sty
Package: tocloft 2013/05/02 v2.3f parameterised ToC, etc., typesetting
Package tocloft Info: The document has section divisions on input line 44.
\cftparskip=\skip260
\cftbeforetoctitleskip=\skip261
\cftaftertoctitleskip=\skip262
\cftbeforepartskip=\skip263
\cftpartnumwidth=\skip264
\cftpartindent=\skip265
\cftbeforesecskip=\skip266
\cftsecindent=\skip267
\cftsecnumwidth=\skip268
\cftbeforesubsecskip=\skip269
\cftsubsecindent=\skip270
\cftsubsecnumwidth=\skip271
\cftbeforesubsubsecskip=\skip272
\cftsubsubsecindent=\skip273
\cftsubsubsecnumwidth=\skip274
\cftbeforeparaskip=\skip275
\cftparaindent=\skip276
\cftparanumwidth=\skip277
\cftbeforesubparaskip=\skip278
\cftsubparaindent=\skip279
\cftsubparanumwidth=\skip280
\cftbeforeloftitleskip=\skip281
\cftafterloftitleskip=\skip282
\cftbeforefigskip=\skip283
\cftfigindent=\skip284
\cftfignumwidth=\skip285
\c@lofdepth=\count287
\c@lotdepth=\count288
\cftbeforelottitleskip=\skip286
\cftafterlottitleskip=\skip287
\cftbeforetabskip=\skip288
\cfttabindent=\skip289
\cfttabnumwidth=\skip290
)
\newnumberwidth=\skip291
\beforebibskip=\skip292
\newchnumberwidth=\skip293
\figurelabelwidth=\skip294
\tablelabelwidth=\skip295

Using KOMA-command "deffootnote" for footnote setup
(/usr/local/texlive/2015/texmf-dist/tex/latex/koma-script/scrtime.sty
Package: scrtime 2015/05/06 v3.17a KOMA-Script package (time of LaTeX run)
)
(/usr/local/texlive/2015/texmf-dist/tex/latex/carlisle/remreset.sty))
(/usr/local/texlive/2015/texmf-dist/tex/latex/currvita/currvita.sty
Package: currvita 1999/09/13 v0.9i Typesetting a Curriculum Vitae
\@cvlistheading=\box257
\cvlabelsep=\skip296
\cvlabelskip=\skip297
\cvlabelwidth=\skip298
)
(/usr/local/texlive/2015/texmf-dist/tex/latex/fontawesome/fontawesome.sty
Package: fontawesome 2013/05/10 v3.1.1 font awesome icons

(/usr/local/texlive/2015/texmf-dist/tex/latex/fontspec/fontspec.sty
Package: fontspec 2015/03/14 v2.4c Font selection for XeLaTeX and LuaLaTeX

(/usr/local/texlive/2015/texmf-dist/tex/latex/l3kernel/expl3.sty
Package: expl3 2015/03/01 v5547 L3 programming layer (loader) 

(/usr/local/texlive/2015/texmf-dist/tex/latex/l3kernel/expl3-code.tex
Package: expl3 2015/03/01 v5547 L3 programming layer (code) 
L3 Module: l3bootstrap 2015/02/28 v5542 L3 Bootstrap code
L3 Module: l3names 2015/02/24 v5535 L3 Namespace for primitives
L3 Module: l3basics 2015/01/27 v5500 L3 Basic definitions
L3 Module: l3expan 2014/11/27 v5472 L3 Argument expansion
L3 Module: l3tl 2015/01/27 v5500 L3 Token lists
L3 Module: l3str 2015/03/01 v5545 L3 Strings
L3 Module: l3seq 2014/08/23 v5354 L3 Sequences and stacks
L3 Module: l3int 2015/02/21 v5529 L3 Integers
\c_max_int=\count289
\l_tmpa_int=\count290
\l_tmpb_int=\count291
\g_tmpa_int=\count292
\g_tmpb_int=\count293
L3 Module: l3quark 2014/08/23 v5354 L3 Quarks
L3 Module: l3prg 2014/08/23 v5354 L3 Control structures
\g__prg_map_int=\count294
L3 Module: l3clist 2014/08/23 v5354 L3 Comma separated lists
L3 Module: l3token 2014/09/15 v5422 L3 Experimental token manipulation
L3 Module: l3prop 2014/08/23 v5354 L3 Property lists
L3 Module: l3msg 2015/02/26 v5537 L3 Messages
L3 Module: l3file 2014/08/24 v5369 L3 File and I/O operations
\l_iow_line_count_int=\count295
\l__iow_target_count_int=\count296
\l__iow_current_line_int=\count297
\l__iow_current_word_int=\count298
\l__iow_current_indentation_int=\count299
L3 Module: l3skip 2014/08/23 v5354 L3 Dimensions and skips
\c_zero_dim=\dimen277
\c_max_dim=\dimen278
\l_tmpa_dim=\dimen279
\l_tmpb_dim=\dimen280
\g_tmpa_dim=\dimen281
\g_tmpb_dim=\dimen282
\c_zero_skip=\skip299
\c_max_skip=\skip300
\l_tmpa_skip=\skip301
\l_tmpb_skip=\skip302
\g_tmpa_skip=\skip303
\g_tmpb_skip=\skip304
\c_zero_muskip=\muskip11
\c_max_muskip=\muskip12
\l_tmpa_muskip=\muskip13
\l_tmpb_muskip=\muskip14
\g_tmpa_muskip=\muskip15
\g_tmpb_muskip=\muskip16
L3 Module: l3keys 2015/01/27 v5500 L3 Key-value interfaces
\g__keyval_level_int=\count300
\l_keys_choice_int=\count301
L3 Module: l3fp 2014/08/22 v5336 L3 Floating points
\c__fp_leading_shift_int=\count302
\c__fp_middle_shift_int=\count303
\c__fp_trailing_shift_int=\count304
\c__fp_big_leading_shift_int=\count305
\c__fp_big_middle_shift_int=\count306
\c__fp_big_trailing_shift_int=\count307
\c__fp_Bigg_leading_shift_int=\count308
\c__fp_Bigg_middle_shift_int=\count309
\c__fp_Bigg_trailing_shift_int=\count310
L3 Module: l3box 2014/08/23 v5354 L3 Experimental boxes
\c_empty_box=\box258
\l_tmpa_box=\box259
\l_tmpb_box=\box260
\g_tmpa_box=\box261
\g_tmpb_box=\box262
L3 Module: l3coffins 2014/08/23 v5354 L3 Coffin code layer
\l__coffin_internal_box=\box263
\l__coffin_internal_dim=\dimen283
\l__coffin_offset_x_dim=\dimen284
\l__coffin_offset_y_dim=\dimen285
\l__coffin_x_dim=\dimen286
\l__coffin_y_dim=\dimen287
\l__coffin_x_prime_dim=\dimen288
\l__coffin_y_prime_dim=\dimen289
\c_empty_coffin=\box264
\l__coffin_aligned_coffin=\box265
\l__coffin_aligned_internal_coffin=\box266
\l_tmpa_coffin=\box267
\l_tmpb_coffin=\box268
\l__coffin_display_coffin=\box269
\l__coffin_display_coord_coffin=\box270
\l__coffin_display_pole_coffin=\box271
\l__coffin_display_offset_dim=\dimen290
\l__coffin_display_x_dim=\dimen291
\l__coffin_display_y_dim=\dimen292
L3 Module: l3color 2014/08/23 v5354 L3 Experimental color support
L3 Module: l3candidates 2015/03/01 v5544 L3 Experimental additions to l3kernel
\l__box_top_dim=\dimen293
\l__box_bottom_dim=\dimen294
\l__box_left_dim=\dimen295
\l__box_right_dim=\dimen296
\l__box_top_new_dim=\dimen297
\l__box_bottom_new_dim=\dimen298
\l__box_left_new_dim=\dimen299
\l__box_right_new_dim=\dimen300
\l__box_internal_box=\box272
\l__coffin_bounding_shift_dim=\dimen301
\l__coffin_left_corner_dim=\dimen302
\l__coffin_right_corner_dim=\dimen303
\l__coffin_bottom_corner_dim=\dimen304
\l__coffin_top_corner_dim=\dimen305
\l__coffin_scaled_total_height_dim=\dimen306
\l__coffin_scaled_width_dim=\dimen307
)
(/usr/local/texlive/2015/texmf-dist/tex/latex/l3kernel/l3unicode-data.def
File: l3unicode-data.def 2015/03/01 v5544 L3 Unicode data
)
(/usr/local/texlive/2015/texmf-dist/tex/latex/l3kernel/l3pdfmode.def
File: l3pdfmode.def 2015/03/01 v5544 L3 Experimental driver: PDF mode
\l__driver_color_stack_int=\count311
))
(/usr/local/texlive/2015/texmf-dist/tex/latex/l3packages/xparse/xparse.sty
Package: xparse 2014/11/25 v5471 L3 Experimental document command parser
\l__xparse_current_arg_int=\count312
\l__xparse_m_args_int=\count313
\l__xparse_mandatory_args_int=\count314
\l__xparse_processor_int=\count315
\l__xparse_v_nesting_int=\count316
)
(/usr/local/texlive/2015/texmf-dist/tex/luatex/luaotfload/luaotfload.sty
Package: luaotfload 2014/08/10 v2.5-4 OpenType layout system

(/usr/local/texlive/2015/texmf-dist/tex/luatex/luaotfload/luaotfload-main.lua)
Lua module: luaotfload-main 2014/08/10 2.50003 OpenType layout system.

(/usr/local/texlive/2015/texmf-dist/tex/luatex/luaotfload/luaotfload-log.lua)
(/usr/local/texlive/2015/texmf-dist/tex/luatex/luaotfload/luaotfload-fontloader.
lua)(using write cache: /Users/dhandl/Library/texlive/2015/texmf-var/luatex-cach
e/generic)(using read cache: /usr/local/texlive/2015/texmf-var/luatex-cache/gene
ric /Users/dhandl/Library/texlive/2015/texmf-var/luatex-cache/generic)
luatexbase-attr: luatexbase.attributes["luaotfload@kernpair"] = 1
luatexbase-attr: luatexbase.attributes["luaotfload@ligacomp"] = 2
luatexbase-attr: luatexbase.attributes["luaotfload@markbase"] = 3
luatexbase-attr: luatexbase.attributes["luaotfload@markmark"] = 4
luatexbase-attr: luatexbase.attributes["luaotfload@markdone"] = 5
luatexbase-attr: luatexbase.attributes["luaotfload@cursbase"] = 6
luatexbase-attr: luatexbase.attributes["luaotfload@curscurs"] = 7
luatexbase-attr: luatexbase.attributes["luaotfload@cursdone"] = 8
luatexbase-attr: luatexbase.attributes["luaotfload@state"] = 9
luaotfload | main : fontloader loaded in 0.027 seconds
luatexbase-mcb: inserting 'luaotfload.node_processor'
at position 1 in 'pre_linebreak_filter'
luatexbase-mcb: inserting 'luaotfload.node_processor'
at position 1 in 'hpack_filter'
luatexbase-mcb: inserting 'luaotfload.find_vf_file'
at position 1 in 'find_vf_file'
(/usr/local/texlive/2015/texmf-dist/tex/luatex/luaotfload/luaotfload-override.lu
a)
(/usr/local/texlive/2015/texmf-dist/tex/luatex/luaotfload/luaotfload-parsers.lua
)
(/usr/local/texlive/2015/texmf-dist/tex/luatex/luaotfload/luaotfload-configurati
on.lua)
(/usr/local/texlive/2015/texmf-dist/tex/luatex/luaotfload/luaotfload-status.lua)
luaotfload | conf : Root cache directory is /Users/dhandl/Library/texlive/2015/t
exmf-var/luatex-cache/generic/names.
(/usr/local/texlive/2015/texmf-dist/tex/luatex/luaotfload/luaotfload-loaders.lua
)
(/usr/local/texlive/2015/texmf-dist/tex/luatex/luaotfload/luaotfload-database.lu
a)
(/usr/local/texlive/2015/texmf-dist/tex/luatex/luaotfload/luaotfload-colors.lua)
luaotfload | conf : Root cache directory is /Users/dhandl/Library/texlive/2015/t
exmf-var/luatex-cache/generic/names.
luatexbase-mcb: creating 'luaotfload.resolve_font' type 4
luatexbase-mcb: creating 'luaotfload.patch_font' type 4
luatexbase-mcb: resetting callback 'define_font'
luatexbase-mcb: inserting 'luaotfload.define_font'
at position 1 in 'define_font'
(/usr/local/texlive/2015/texmf-dist/tex/luatex/luaotfload/luaotfload-features.lu
a)
(/usr/local/texlive/2015/texmf-dist/tex/luatex/luaotfload/luaotfload-letterspace
.lua)
(/usr/local/texlive/2015/texmf-dist/tex/luatex/luaotfload/luaotfload-auxiliary.l
ua)
luatexbase-mcb: inserting 'luaotfload.aux.set_sscale_dimens'
at position 1 in 'luaotfload.patch_font'
luatexbase-mcb: inserting 'luaotfload.aux.patch_cambria_domh'
at position 2 in 'luaotfload.patch_font'
luatexbase-mcb: inserting 'luaotfload.aux.set_capheight'
at position 3 in 'luaotfload.patch_font'
luatexbase-mcb: inserting 'luaotfload.rewrite_fontname'
at position 4 in 'luaotfload.patch_font')
(/usr/local/texlive/2015/texmf-dist/tex/latex/fontspec/fontspec.lua)
Lua module: fontspec 2013/05/20 2.3c Advanced font selection for LuaLaTeX.
\l_fontspec_script_int=\count317
\l_fontspec_language_int=\count318
\l_fontspec_strnum_int=\count319
\l__fontspec_tmpa_dim=\dimen308
\l__fontspec_tmpb_dim=\dimen309
\l__fontspec_tmpc_dim=\dimen310
Variant \tl_gset:cV already defined; not changing it on line 71

(/usr/local/texlive/2015/texmf-dist/tex/latex/fontspec/fontspec-patches.sty
Package: fontspec-patches 2015/03/14 v2.4c Font selection for XeLaTeX and LuaLaT
eX
LaTeX Info: Redefining \em on input line 49.
LaTeX Info: Redefining \emph on input line 57.
LaTeX Info: Redefining \- on input line 60.
.................................................
. LaTeX info: "xparse/redefine-command"
. 
. Redefining command \oldstylenums with sig. 'm' on line 155.
.................................................
.................................................
. LaTeX info: "xparse/define-command"
. 
. Defining command \liningnums with sig. 'm' on line 159.
.................................................
)
(/usr/local/texlive/2015/texmf-dist/tex/latex/fontspec/fontspec-luatex.sty
Package: fontspec-luatex 2015/03/14 v2.4c Font selection for XeLaTeX and LuaLaTe
X

(/usr/local/texlive/2015/texmf-dist/tex/latex/base/fontenc.sty
Package: fontenc 2005/09/27 v1.99g Standard LaTeX package

(/usr/local/texlive/2015/texmf-dist/tex/latex/euenc/eu2enc.def
File: eu2enc.def 2010/05/27 v0.1h Experimental Unicode font encodings
)
LaTeX Font Info:    Try loading font information for EU2+lmr on input line 105.

(/usr/local/texlive/2015/texmf-dist/tex/latex/euenc/eu2lmr.fd
File: eu2lmr.fd 2009/10/30 v1.6 Font defs for Latin Modern
)
luaotfload | db : Font names database loaded from /Users/dhandl/Library/texlive/
2015/texmf-var/luatex-cache/generic/names/luaotfload-names.luc(compiling luc: /u
sr/local/texlive/2015/texmf-var/luatex-cache/generic/fonts/otf/lmroman10-regular
.luc)(load luc: /Users/dhandl/Library/texlive/2015/texmf-var/luatex-cache/generi
c/fonts/otf/lmroman10-regular.luc))
(/usr/local/texlive/2015/texmf-dist/tex/xelatex/xunicode/xunicode.sty
File: xunicode.sty 2011/09/09 v0.981 provides access to latin accents and many o
ther characters in Unicode lower plane

*** you should *not* be loading the inputenc package
*** XeTeX expects the source to be in UTF8 encoding
*** some features of other encodings may conflict, resulting in poor output.
(/usr/local/texlive/2015/texmf-dist/tex/latex/tipa/t3enc.def
File: t3enc.def 2001/12/31 T3 encoding
(compiling luc: /usr/local/texlive/2015/texmf-var/luatex-cache/generic/fonts/otf
/lmromanslant10-regular.luc)(load luc: /Users/dhandl/Library/texlive/2015/texmf-
var/luatex-cache/generic/fonts/otf/lmromanslant10-regular.luc)(compiling luc: /u
sr/local/texlive/2015/texmf-var/luatex-cache/generic/fonts/otf/lmroman10-italic.
luc)(load luc: /Users/dhandl/Library/texlive/2015/texmf-var/luatex-cache/generic
/fonts/otf/lmroman10-italic.luc)(compiling luc: /usr/local/texlive/2015/texmf-va
r/luatex-cache/generic/fonts/otf/lmroman10-bold.luc)(load luc: /Users/dhandl/Lib
rary/texlive/2015/texmf-var/luatex-cache/generic/fonts/otf/lmroman10-bold.luc)
LaTeX Font Info:    Try loading font information for EU2+lmss on input line 357.


(/usr/local/texlive/2015/texmf-dist/tex/latex/euenc/eu2lmss.fd
File: eu2lmss.fd 2009/10/30 v1.6 Font defs for Latin Modern
)(compiling luc: /usr/local/texlive/2015/texmf-var/luatex-cache/generic/fonts/ot
f/lmsans10-regular.luc)(load luc: /Users/dhandl/Library/texlive/2015/texmf-var/l
uatex-cache/generic/fonts/otf/lmsans10-regular.luc))
\tipaTiiicode=\count320
\tipasavetokens=\toks25
\tipachecktokens=\toks26

(/usr/local/texlive/2015/texmf-dist/tex/latex/graphics/graphicx.sty
Package: graphicx 2014/10/28 v1.0g Enhanced LaTeX Graphics (DPC,SPQR)

(/usr/local/texlive/2015/texmf-dist/tex/latex/graphics/graphics.sty
Package: graphics 2014/10/28 v1.0p Standard LaTeX Graphics (DPC,SPQR)

(/usr/local/texlive/2015/texmf-dist/tex/latex/graphics/trig.sty
Package: trig 1999/03/16 v1.09 sin cos tan (DPC)
)
(/usr/local/texlive/2015/texmf-dist/tex/latex/latexconfig/graphics.cfg
File: graphics.cfg 2010/04/23 v1.9 graphics configuration of TeX Live
)
Package graphics Info: Driver file: pdftex.def on input line 94.
)
\Gin@req@height=\dimen311
\Gin@req@width=\dimen312
))
.................................................
. LaTeX info: "xparse/define-command"
. 
. Defining command \__fontspec_post_arg:w with sig. 'mmO{}' on line 45.
.................................................
.................................................
. LaTeX info: "xparse/define-command"
. 
. Defining command \fontspec with sig. 'om' on line 47.
.................................................
.................................................
. LaTeX info: "xparse/define-command"
. 
. Defining command \setmainfont with sig. 'om' on line 57.
.................................................
.................................................
. LaTeX info: "xparse/define-command"
. 
. Defining command \setsansfont with sig. 'om' on line 67.
.................................................
.................................................
. LaTeX info: "xparse/define-command"
. 
. Defining command \setmonofont with sig. 'om' on line 77.
.................................................
.................................................
. LaTeX info: "xparse/define-command"
. 
. Defining command \setmathrm with sig. 'om' on line 91.
.................................................
.................................................
. LaTeX info: "xparse/define-command"
. 
. Defining command \setboldmathrm with sig. 'om' on line 99.
.................................................
.................................................
. LaTeX info: "xparse/define-command"
. 
. Defining command \setmathsf with sig. 'om' on line 107.
.................................................
.................................................
. LaTeX info: "xparse/define-command"
. 
. Defining command \setmathtt with sig. 'om' on line 115.
.................................................
.................................................
. LaTeX info: "xparse/define-command"
. 
. Defining command \newfontfamily with sig. 'mom' on line 129.
.................................................
.................................................
. LaTeX info: "xparse/define-command"
. 
. Defining command \newfontface with sig. 'mom' on line 144.
.................................................
.................................................
. LaTeX info: "xparse/define-command"
. 
. Defining command \defaultfontfeatures with sig. 't+om' on line 158.
.................................................
.................................................
. LaTeX info: "xparse/define-command"
. 
. Defining command \addfontfeatures with sig. 'm' on line 214.
.................................................
.................................................
. LaTeX info: "xparse/define-command"
. 
. Defining command \newfontfeature with sig. 'mm' on line 225.
.................................................
.................................................
. LaTeX info: "xparse/define-command"
. 
. Defining command \newAATfeature with sig. 'mmmm' on line 233.
.................................................
.................................................
. LaTeX info: "xparse/define-command"
. 
. Defining command \newopentypefeature with sig. 'mmm' on line 241.
.................................................
.................................................
. LaTeX info: "xparse/define-command"
. 
. Defining command \aliasfontfeature with sig. 'mm' on line 265.
.................................................
.................................................
. LaTeX info: "xparse/define-command"
. 
. Defining command \aliasfontfeatureoption with sig. 'mmm' on line 274.
.................................................
.................................................
. LaTeX info: "xparse/define-command"
. 
. Defining command \newfontscript with sig. 'mm' on line 279.
.................................................
.................................................
. LaTeX info: "xparse/define-command"
. 
. Defining command \newfontlanguage with sig. 'mm' on line 305.
.................................................
.................................................
. LaTeX info: "xparse/define-command"
. 
. Defining command \DeclareFontsExtensions with sig. 'm' on line 325.
.................................................
Variant \prop_gput:cnV already defined; not changing it on line 708
Variant \prop_gput:cnx already defined; not changing it on line 709
\l__fontspec_tmp_int=\count321
LaTeX Info: Redefining \itshape on input line 2156.
LaTeX Info: Redefining \slshape on input line 2161.
LaTeX Info: Redefining \scshape on input line 2166.
LaTeX Info: Redefining \upshape on input line 2171.

(/usr/local/texlive/2015/texmf-dist/tex/latex/fontspec/fontspec.cfg)))
\g__file_internal_ior=\read1
luaotfload | cache : Lookup cache loaded from /Users/dhandl/Library/texlive/2015
/texmf-var/luatex-cache/generic/names/luaotfload-lookup-cache.luc.
luaotfload | load : Lookup/name: "FontAwesome" -> "FontAwesome.otf"(compiling lu
c: /usr/local/texlive/2015/texmf-var/luatex-cache/generic/fonts/otf/fontawesome.
luc)(load luc: /Users/dhandl/Library/texlive/2015/texmf-var/luatex-cache/generic
/fonts/otf/fontawesome.luc)
luaotfload | load : Lookup/name: "FontAwesome" -> "FontAwesome.otf"
luaotfload | aux : font no 27 (FontAwesome) defines no feature for script latn
luaotfload | aux : no font with id 27
.................................................
. fontspec info: "no-scripts"
. 
. Font FontAwesome does not contain any OpenType `Script' information.
.................................................
\g__fontspec_family_FontAwesome_int=\count322
luaotfload | load : Lookup/name: "FontAwesome" -> "FontAwesome.otf"
luaotfload | load : Lookup/name: "FontAwesome" -> "FontAwesome.otf"
.................................................
. fontspec info: "no-font-shape"
. 
. Could not resolve font FontAwesome/BI (it probably doesn't exist).
.................................................
luaotfload | load : Lookup/name: "FontAwesome" -> "FontAwesome.otf"
luaotfload | load : Lookup/name: "FontAwesome" -> "FontAwesome.otf"
.................................................
. fontspec info: "no-font-shape"
. 
. Could not resolve font FontAwesome/B (it probably doesn't exist).
.................................................
luaotfload | load : Lookup/name: "FontAwesome" -> "FontAwesome.otf"
luaotfload | load : Lookup/name: "FontAwesome" -> "FontAwesome.otf"
.................................................
. fontspec info: "no-font-shape"
. 
. Could not resolve font FontAwesome/I (it probably doesn't exist).
.................................................
luaotfload | load : Lookup/name: "FontAwesome" -> "FontAwesome.otf"
luaotfload | load : Lookup/name: "FontAwesome" -> "FontAwesome.otf"
luaotfload | aux : font no 27 (FontAwesome) does not define feature smcp for scr
ipt  with language 
luaotfload | aux : no font with id 27
.................................................
. fontspec info: "defining-font"
. 
. Font family 'FontAwesome(0)' created for font 'FontAwesome' with options [].
. 
. This font family consists of the following shapes:
. 
. * 'normal' with NFSS spec.:
. <->"FontAwesome:mode=node;"
. 
. * 'small caps' with NFSS spec.:
. 
. and font adjustment code:
. 
.................................................
)
\datebox=\skip305

(/usr/local/texlive/2015/texmf-dist/tex/latex/vmargin/vmargin.sty
Package: vmargin 2004/07/15 V2.5 set document margins (VK)

Package: vmargin 2004/07/15 V2.5 set document margins (VK)
\PaperWidth=\dimen313
\PaperHeight=\dimen314
)

LaTeX Warning: Unused global option(s):
    [xcolor=dvipsnames].

(./cv_8.aux)
\openout1 = cv_8.aux

LaTeX Font Info:    Checking defaults for OML/cmm/m/it on input line 64.
LaTeX Font Info:    ... okay on input line 64.
LaTeX Font Info:    Checking defaults for T1/cmr/m/n on input line 64.
LaTeX Font Info:    ... okay on input line 64.
LaTeX Font Info:    Checking defaults for OT1/cmr/m/n on input line 64.
LaTeX Font Info:    ... okay on input line 64.
LaTeX Font Info:    Checking defaults for OMS/cmsy/m/n on input line 64.
LaTeX Font Info:    ... okay on input line 64.
LaTeX Font Info:    Checking defaults for OMX/cmex/m/n on input line 64.
LaTeX Font Info:    ... okay on input line 64.
LaTeX Font Info:    Checking defaults for U/cmr/m/n on input line 64.
LaTeX Font Info:    ... okay on input line 64.
LaTeX Font Info:    Checking defaults for TS1/cmr/m/n on input line 64.
LaTeX Font Info:    Try loading font information for TS1+cmr on input line 64.
 (/usr/local/texlive/2015/texmf-dist/tex/latex/base/ts1cmr.fd
File: ts1cmr.fd 2014/09/29 v2.5h Standard LaTeX font definitions
)
LaTeX Font Info:    ... okay on input line 64.
LaTeX Font Info:    Checking defaults for PD1/pdf/m/n on input line 64.
LaTeX Font Info:    ... okay on input line 64.
LaTeX Font Info:    Checking defaults for EU2/lmr/m/n on input line 64.
LaTeX Font Info:    ... okay on input line 64.
LaTeX Font Info:    Checking defaults for T3/cmr/m/n on input line 64.
LaTeX Font Info:    Try loading font information for T3+cmr on input line 64.

(/usr/local/texlive/2015/texmf-dist/tex/latex/tipa/t3cmr.fd
File: t3cmr.fd 2001/12/31 TIPA font definitions
)
LaTeX Font Info:    ... okay on input line 64.

(/usr/local/texlive/2015/texmf-dist/tex/context/base/supp-pdf.mkii
[Loading MPS to PDF converter (version 2006.09.02).]
\scratchcounter=\count323
\scratchdimen=\dimen315
\scratchbox=\box273
\nofMPsegments=\count324
\nofMParguments=\count325
\everyMPshowfont=\toks27
\MPscratchCnt=\count326
\MPscratchDim=\dimen316
\MPnumerator=\count327
\makeMPintoPDFobject=\count328
\everyMPtoPDFconversion=\toks28
)
\AtBeginShipoutBox=\box274
Package hyperref Info: Link coloring OFF on input line 64.
 (/usr/local/texlive/2015/texmf-dist/tex/latex/hyperref/nameref.sty
Package: nameref 2012/10/27 v2.43 Cross-referencing by name of section

(/usr/local/texlive/2015/texmf-dist/tex/generic/oberdiek/gettitlestring.sty
Package: gettitlestring 2010/12/03 v1.4 Cleanup title references (HO)
)
\c@section@level=\count329
)
LaTeX Info: Redefining \ref on input line 64.
LaTeX Info: Redefining \pageref on input line 64.
LaTeX Info: Redefining \nameref on input line 64.

(./cv_8.out) (./cv_8.out)
\@outlinefile=\write3

\openout3 = cv_8.out
\big@size=\dimen317
LaTeX Info: Redefining \microtypecontext on input line 64.
Package microtype Info: Generating PDF output.
Package microtype Info: Character protrusion enabled (level 2).
Package microtype Info: Using default protrusion set `alltext'.
Package microtype Info: Automatic font expansion enabled (level 2),
(microtype)             stretch: 20, shrink: 20, step: 1, non-selected.
Package microtype Info: Using default expansion set `basictext'.
Package microtype Info: No adjustment of tracking.
Package microtype Info: No adjustment of spacing.
Package microtype Info: No adjustment of kerning.

(/usr/local/texlive/2015/texmf-dist/tex/latex/microtype/mt-cmr.cfg
File: mt-cmr.cfg 2013/05/19 v2.2 microtype config. file: Computer Modern Roman (
RS)
)
Package microtype Info: Loading generic settings for font family
(microtype)             `lmr' (encoding: EU2).
(microtype)             For optimal results, create family-specific settings.
(microtype)             See the microtype manual for details.

*** you should *not* be loading the inputenc package
*** XeTeX expects the source to be in UTF8 encoding
*** some features of other encodings may conflict, resulting in poor output.
(/usr/local/texlive/2015/texmf-dist/tex/latex/oberdiek/epstopdf-base.sty
Package: epstopdf-base 2010/02/09 v2.5 Base part for package epstopdf

(/usr/local/texlive/2015/texmf-dist/tex/latex/oberdiek/grfext.sty
Package: grfext 2010/08/19 v1.1 Manage graphics extensions (HO)
)
Package grfext Info: Graphics extension search list:
(grfext)             [.png,.pdf,.jpg,.mps,.tif,.jpeg,.PNG,.PDF,.JPG,.JPEG,.eps]
(grfext)             \AppendGraphicsExtensions on input line 452.

(/usr/local/texlive/2015/texmf-dist/tex/latex/latexconfig/epstopdf-sys.cfg
File: epstopdf-sys.cfg 2010/07/13 v1.3 Configuration of (r)epstopdf for TeX Live

))(compiling luc: /usr/local/texlive/2015/texmf-var/luatex-cache/generic/fonts/o
tf/lmroman17-regular.luc)(load luc: /Users/dhandl/Library/texlive/2015/texmf-var
/luatex-cache/generic/fonts/otf/lmroman17-regular.luc)(compiling luc: /usr/local
/texlive/2015/texmf-var/luatex-cache/generic/fonts/otf/lmromancaps10-regular.luc
)(load luc: /Users/dhandl/Library/texlive/2015/texmf-var/luatex-cache/generic/fo
nts/otf/lmromancaps10-regular.luc)

LaTeX Font Warning: Font shape `EU2/FontAwesome(0)/m/it' undefined
(Font)              using `EU2/FontAwesome(0)/m/n' instead on input line 76.

luaotfload | load : Lookup/name: "FontAwesome" -> "FontAwesome.otf"
Package microtype Info: Loading generic settings for font family
(microtype)             `FontAwesome' (encoding: EU2).
(microtype)             For optimal results, create family-specific settings.
(microtype)             See the microtype manual for details.
Package microtype Info: Character `A' is missing
(microtype)             in font `EU2/FontAwesome(0)/m/n/10'.
(microtype)             Ignoring protrusion settings for this character.
Package microtype Info: Character `F' is missing
(microtype)             in font `EU2/FontAwesome(0)/m/n/10'.
(microtype)             Ignoring protrusion settings for this character.
Package microtype Info: Character `J' is missing
(microtype)             in font `EU2/FontAwesome(0)/m/n/10'.
(microtype)             Ignoring protrusion settings for this character.
Package microtype Info: Character `K' is missing
(microtype)             in font `EU2/FontAwesome(0)/m/n/10'.
(microtype)             Ignoring protrusion settings for this character.
Package microtype Info: Character `L' is missing
(microtype)             in font `EU2/FontAwesome(0)/m/n/10'.
(microtype)             Ignoring protrusion settings for this character.
Package microtype Info: Character `T' is missing
(microtype)             in font `EU2/FontAwesome(0)/m/n/10'.
(microtype)             Ignoring protrusion settings for this character.
Package microtype Info: Character `V' is missing
(microtype)             in font `EU2/FontAwesome(0)/m/n/10'.
(microtype)             Ignoring protrusion settings for this character.
Package microtype Info: Character `W' is missing
(microtype)             in font `EU2/FontAwesome(0)/m/n/10'.
(microtype)             Ignoring protrusion settings for this character.
Package microtype Info: Character `X' is missing
(microtype)             in font `EU2/FontAwesome(0)/m/n/10'.
(microtype)             Ignoring protrusion settings for this character.
Package microtype Info: Character `Y' is missing
(microtype)             in font `EU2/FontAwesome(0)/m/n/10'.
(microtype)             Ignoring protrusion settings for this character.
Package microtype Info: Character `k' is missing
(microtype)             in font `EU2/FontAwesome(0)/m/n/10'.
(microtype)             Ignoring protrusion settings for this character.
Package microtype Info: Character `r' is missing
(microtype)             in font `EU2/FontAwesome(0)/m/n/10'.
(microtype)             Ignoring protrusion settings for this character.
Package microtype Info: Character `v' is missing
(microtype)             in font `EU2/FontAwesome(0)/m/n/10'.
(microtype)             Ignoring protrusion settings for this character.
Package microtype Info: Character `w' is missing
(microtype)             in font `EU2/FontAwesome(0)/m/n/10'.
(microtype)             Ignoring protrusion settings for this character.
Package microtype Info: Character `x' is missing
(microtype)             in font `EU2/FontAwesome(0)/m/n/10'.
(microtype)             Ignoring protrusion settings for this character.
Package microtype Info: Character `y' is missing
(microtype)             in font `EU2/FontAwesome(0)/m/n/10'.
(microtype)             Ignoring protrusion settings for this character.
Package microtype Info: Character `1' is missing
(microtype)             in font `EU2/FontAwesome(0)/m/n/10'.
(microtype)             Ignoring protrusion settings for this character.
Package microtype Info: Character `4' is missing
(microtype)             in font `EU2/FontAwesome(0)/m/n/10'.
(microtype)             Ignoring protrusion settings for this character.
Package microtype Info: Character `7' is missing
(microtype)             in font `EU2/FontAwesome(0)/m/n/10'.
(microtype)             Ignoring protrusion settings for this character.
Package microtype Info: Character `.' is missing
(microtype)             in font `EU2/FontAwesome(0)/m/n/10'.
(microtype)             Ignoring protrusion settings for this character.
Package microtype Info: Character `,' is missing
(microtype)             in font `EU2/FontAwesome(0)/m/n/10'.
(microtype)             Ignoring protrusion settings for this character.
Package microtype Info: Character `:' is missing
(microtype)             in font `EU2/FontAwesome(0)/m/n/10'.
(microtype)             Ignoring protrusion settings for this character.
Package microtype Info: Character `;' is missing
(microtype)             in font `EU2/FontAwesome(0)/m/n/10'.
(microtype)             Ignoring protrusion settings for this character.
Package microtype Info: Character `!' is missing
(microtype)             in font `EU2/FontAwesome(0)/m/n/10'.
(microtype)             Ignoring protrusion settings for this character.
Package microtype Info: Character `?' is missing
(microtype)             in font `EU2/FontAwesome(0)/m/n/10'.
(microtype)             Ignoring protrusion settings for this character.
Package microtype Info: Character `@' is missing
(microtype)             in font `EU2/FontAwesome(0)/m/n/10'.
(microtype)             Ignoring protrusion settings for this character.
Package microtype Info: Character `~' is missing
(microtype)             in font `EU2/FontAwesome(0)/m/n/10'.
(microtype)             Ignoring protrusion settings for this character.
Package microtype Info: Character `%' is missing
(microtype)             in font `EU2/FontAwesome(0)/m/n/10'.
(microtype)             Ignoring protrusion settings for this character.
Package microtype Info: Character `*' is missing
(microtype)             in font `EU2/FontAwesome(0)/m/n/10'.
(microtype)             Ignoring protrusion settings for this character.
Package microtype Info: Character `+' is missing
(microtype)             in font `EU2/FontAwesome(0)/m/n/10'.
(microtype)             Ignoring protrusion settings for this character.
Package microtype Info: Character `(' is missing
(microtype)             in font `EU2/FontAwesome(0)/m/n/10'.
(microtype)             Ignoring protrusion settings for this character.
Package microtype Info: Character `)' is missing
(microtype)             in font `EU2/FontAwesome(0)/m/n/10'.
(microtype)             Ignoring protrusion settings for this character.
Package microtype Info: Character `/' is missing
(microtype)             in font `EU2/FontAwesome(0)/m/n/10'.
(microtype)             Ignoring protrusion settings for this character.
Package microtype Info: Character `-' is missing
(microtype)             in font `EU2/FontAwesome(0)/m/n/10'.
(microtype)             Ignoring protrusion settings for this character.
Package microtype Info: Character `textendash ' is missing
(microtype)             in font `EU2/FontAwesome(0)/m/n/10'.
(microtype)             Ignoring protrusion settings for this character.
Package microtype Info: Character `textemdash ' is missing
(microtype)             in font `EU2/FontAwesome(0)/m/n/10'.
(microtype)             Ignoring protrusion settings for this character.
Package microtype Info: Character `textquoteleft ' is missing
(microtype)             in font `EU2/FontAwesome(0)/m/n/10'.
(microtype)             Ignoring protrusion settings for this character.
Package microtype Info: Character `textquoteright ' is missing
(microtype)             in font `EU2/FontAwesome(0)/m/n/10'.
(microtype)             Ignoring protrusion settings for this character.
Package microtype Info: Character `textquotedblleft ' is missing
(microtype)             in font `EU2/FontAwesome(0)/m/n/10'.
(microtype)             Ignoring protrusion settings for this character.
Package microtype Info: Character `textquotedblright ' is missing
(microtype)             in font `EU2/FontAwesome(0)/m/n/10'.
(microtype)             Ignoring protrusion settings for this character.
Package microtype Info: Character `_' is missing
(microtype)             in font `EU2/FontAwesome(0)/m/n/10'.
(microtype)             Ignoring protrusion settings for this character.
Package microtype Info: Character `textbackslash ' is missing
(microtype)             in font `EU2/FontAwesome(0)/m/n/10'.
(microtype)             Ignoring protrusion settings for this character.
Package microtype Info: Character `quotesinglbase ' is missing
(microtype)             in font `EU2/FontAwesome(0)/m/n/10'.
(microtype)             Ignoring protrusion settings for this character.
Package microtype Info: Character `quotedblbase ' is missing
(microtype)             in font `EU2/FontAwesome(0)/m/n/10'.
(microtype)             Ignoring protrusion settings for this character.
Package microtype Info: Character `guilsinglleft ' is missing
(microtype)             in font `EU2/FontAwesome(0)/m/n/10'.
(microtype)             Ignoring protrusion settings for this character.
Package microtype Info: Character `guilsinglright ' is missing
(microtype)             in font `EU2/FontAwesome(0)/m/n/10'.
(microtype)             Ignoring protrusion settings for this character.
Package microtype Info: Character `guillemotleft ' is missing
(microtype)             in font `EU2/FontAwesome(0)/m/n/10'.
(microtype)             Ignoring protrusion settings for this character.
Package microtype Info: Character `guillemotright ' is missing
(microtype)             in font `EU2/FontAwesome(0)/m/n/10'.
(microtype)             Ignoring protrusion settings for this character.
Package microtype Info: Character `textexclamdown ' is missing
(microtype)             in font `EU2/FontAwesome(0)/m/n/10'.
(microtype)             Ignoring protrusion settings for this character.
Package microtype Info: Character `textquestiondown ' is missing
(microtype)             in font `EU2/FontAwesome(0)/m/n/10'.
(microtype)             Ignoring protrusion settings for this character.
Package microtype Info: Character `textbraceleft ' is missing
(microtype)             in font `EU2/FontAwesome(0)/m/n/10'.
(microtype)             Ignoring protrusion settings for this character.
Package microtype Info: Character `textbraceright ' is missing
(microtype)             in font `EU2/FontAwesome(0)/m/n/10'.
(microtype)             Ignoring protrusion settings for this character.
Package microtype Info: Character `textless ' is missing
(microtype)             in font `EU2/FontAwesome(0)/m/n/10'.
(microtype)             Ignoring protrusion settings for this character.
Package microtype Info: Character `textgreater ' is missing
(microtype)             in font `EU2/FontAwesome(0)/m/n/10'.
(microtype)             Ignoring protrusion settings for this character.
LaTeX Font Info:    Try loading font information for OT1+pplx on input line 76.
(/usr/local/texlive/2015/texmf-dist/tex/latex/psnfss/ot1pplx.fd
File: ot1pplx.fd 2004/09/06 font definitions for OT1/pplx.
)
luaotfload | main : loading virtual font file /usr/local/texlive/2015/texmf-dist
/fonts/vf/adobe/palatino/pplr9t.vf.
(/usr/local/texlive/2015/texmf-dist/tex/latex/microtype/mt-ppl.cfg
File: mt-ppl.cfg 2005/11/16 v1.6 microtype config. file: Palatino (RS)
)
luaotfload | main : loading virtual font file /usr/local/texlive/2015/texmf-dist
/fonts/vf/adobe/palatino/pplr9t.vf.
luaotfload | main : loading virtual font file /usr/local/texlive/2015/texmf-dist
/fonts/vf/adobe/palatino/pplr9t.vf.
LaTeX Font Info:    Try loading font information for OML+zplm on input line 76.

(/usr/local/texlive/2015/texmf-dist/tex/latex/psnfss/omlzplm.fd
File: omlzplm.fd 2002/09/08 Fontinst v1.914 font definitions for OML/zplm.
)
luaotfload | main : loading virtual font file /usr/local/texlive/2015/texmf-dist
/fonts/vf/public/mathpazo/zplmr7m.vf.
luaotfload | main : loading virtual font file /usr/local/texlive/2015/texmf-dist
/fonts/vf/public/mathpazo/zplmr7m.vf.
luaotfload | main : loading virtual font file /usr/local/texlive/2015/texmf-dist
/fonts/vf/public/mathpazo/zplmr7m.vf.
LaTeX Font Info:    Try loading font information for OMS+zplm on input line 76.

(/usr/local/texlive/2015/texmf-dist/tex/latex/psnfss/omszplm.fd
File: omszplm.fd 2002/09/08 Fontinst v1.914 font definitions for OMS/zplm.
)
luaotfload | main : loading virtual font file /usr/local/texlive/2015/texmf-dist
/fonts/vf/public/mathpazo/zplmr7y.vf.
luaotfload | main : loading virtual font file /usr/local/texlive/2015/texmf-dist
/fonts/vf/public/mathpazo/zplmr7y.vf.
luaotfload | main : loading virtual font file /usr/local/texlive/2015/texmf-dist
/fonts/vf/public/mathpazo/zplmr7y.vf.
LaTeX Font Info:    Try loading font information for OMX+zplm on input line 76.

(/usr/local/texlive/2015/texmf-dist/tex/latex/psnfss/omxzplm.fd
File: omxzplm.fd 2002/09/08 Fontinst v1.914 font definitions for OMX/zplm.
)
luaotfload | main : loading virtual font file /usr/local/texlive/2015/texmf-dist
/fonts/vf/public/mathpazo/zplmr7v.vf.
luaotfload | main : loading virtual font file /usr/local/texlive/2015/texmf-dist
/fonts/vf/public/mathpazo/zplmr7v.vf.
luaotfload | main : loading virtual font file /usr/local/texlive/2015/texmf-dist
/fonts/vf/public/mathpazo/zplmr7v.vf.
LaTeX Font Info:    Try loading font information for OT1+zplm on input line 76.

(/usr/local/texlive/2015/texmf-dist/tex/latex/psnfss/ot1zplm.fd
File: ot1zplm.fd 2002/09/08 Fontinst v1.914 font definitions for OT1/zplm.
)
luaotfload | main : loading virtual font file /usr/local/texlive/2015/texmf-dist
/fonts/vf/public/mathpazo/zplmr7t.vf.
Package microtype Info: Loading generic settings for font family
(microtype)             `zplm' (encoding: OT1).
(microtype)             For optimal results, create family-specific settings.
(microtype)             See the microtype manual for details.
luaotfload | main : loading virtual font file /usr/local/texlive/2015/texmf-dist
/fonts/vf/public/mathpazo/zplmr7t.vf.
luaotfload | main : loading virtual font file /usr/local/texlive/2015/texmf-dist
/fonts/vf/public/mathpazo/zplmr7t.vf.

Class scrartcl Warning: Usage of deprecated font command `\rm'!
(scrartcl)              You should note, that in 1994 font command `\rm' has
(scrartcl)              been defined for compatiblitiy to Script 2.0 only.
(scrartcl)              Now, after two decades of LaTeX2e and NFSS2, you
(scrartcl)              shouldn't use such commands any longer and within
(scrartcl)              KOMA-Script usage of `\rm' is definitely deprecated.
(scrartcl)              See `fntguide.pdf' for more information about
(scrartcl)              recommended font commands.
(scrartcl)              Note also, that KOMA-Script will remove the definition
(scrartcl)              of `\rm' anytime until release of about version 3.20.
(scrartcl)              But for now, KOMA-Script will replace deprecated `\rm'
(scrartcl)              by `\mathrm ' on input line 76.

luaotfload | load : Lookup/name: "FontAwesome" -> "FontAwesome.otf"
Package microtype Info: Character `A' is missing
(microtype)             in font `EU2/FontAwesome(0)/m/it/10'.
(microtype)             Ignoring protrusion settings for this character.
Package microtype Info: Character `F' is missing
(microtype)             in font `EU2/FontAwesome(0)/m/it/10'.
(microtype)             Ignoring protrusion settings for this character.
Package microtype Info: Character `J' is missing
(microtype)             in font `EU2/FontAwesome(0)/m/it/10'.
(microtype)             Ignoring protrusion settings for this character.
Package microtype Info: Character `K' is missing
(microtype)             in font `EU2/FontAwesome(0)/m/it/10'.
(microtype)             Ignoring protrusion settings for this character.
Package microtype Info: Character `L' is missing
(microtype)             in font `EU2/FontAwesome(0)/m/it/10'.
(microtype)             Ignoring protrusion settings for this character.
Package microtype Info: Character `T' is missing
(microtype)             in font `EU2/FontAwesome(0)/m/it/10'.
(microtype)             Ignoring protrusion settings for this character.
Package microtype Info: Character `V' is missing
(microtype)             in font `EU2/FontAwesome(0)/m/it/10'.
(microtype)             Ignoring protrusion settings for this character.
Package microtype Info: Character `W' is missing
(microtype)             in font `EU2/FontAwesome(0)/m/it/10'.
(microtype)             Ignoring protrusion settings for this character.
Package microtype Info: Character `X' is missing
(microtype)             in font `EU2/FontAwesome(0)/m/it/10'.
(microtype)             Ignoring protrusion settings for this character.
Package microtype Info: Character `Y' is missing
(microtype)             in font `EU2/FontAwesome(0)/m/it/10'.
(microtype)             Ignoring protrusion settings for this character.
Package microtype Info: Character `k' is missing
(microtype)             in font `EU2/FontAwesome(0)/m/it/10'.
(microtype)             Ignoring protrusion settings for this character.
Package microtype Info: Character `r' is missing
(microtype)             in font `EU2/FontAwesome(0)/m/it/10'.
(microtype)             Ignoring protrusion settings for this character.
Package microtype Info: Character `v' is missing
(microtype)             in font `EU2/FontAwesome(0)/m/it/10'.
(microtype)             Ignoring protrusion settings for this character.
Package microtype Info: Character `w' is missing
(microtype)             in font `EU2/FontAwesome(0)/m/it/10'.
(microtype)             Ignoring protrusion settings for this character.
Package microtype Info: Character `x' is missing
(microtype)             in font `EU2/FontAwesome(0)/m/it/10'.
(microtype)             Ignoring protrusion settings for this character.
Package microtype Info: Character `y' is missing
(microtype)             in font `EU2/FontAwesome(0)/m/it/10'.
(microtype)             Ignoring protrusion settings for this character.
Package microtype Info: Character `1' is missing
(microtype)             in font `EU2/FontAwesome(0)/m/it/10'.
(microtype)             Ignoring protrusion settings for this character.
Package microtype Info: Character `4' is missing
(microtype)             in font `EU2/FontAwesome(0)/m/it/10'.
(microtype)             Ignoring protrusion settings for this character.
Package microtype Info: Character `7' is missing
(microtype)             in font `EU2/FontAwesome(0)/m/it/10'.
(microtype)             Ignoring protrusion settings for this character.
Package microtype Info: Character `.' is missing
(microtype)             in font `EU2/FontAwesome(0)/m/it/10'.
(microtype)             Ignoring protrusion settings for this character.
Package microtype Info: Character `,' is missing
(microtype)             in font `EU2/FontAwesome(0)/m/it/10'.
(microtype)             Ignoring protrusion settings for this character.
Package microtype Info: Character `:' is missing
(microtype)             in font `EU2/FontAwesome(0)/m/it/10'.
(microtype)             Ignoring protrusion settings for this character.
Package microtype Info: Character `;' is missing
(microtype)             in font `EU2/FontAwesome(0)/m/it/10'.
(microtype)             Ignoring protrusion settings for this character.
Package microtype Info: Character `!' is missing
(microtype)             in font `EU2/FontAwesome(0)/m/it/10'.
(microtype)             Ignoring protrusion settings for this character.
Package microtype Info: Character `?' is missing
(microtype)             in font `EU2/FontAwesome(0)/m/it/10'.
(microtype)             Ignoring protrusion settings for this character.
Package microtype Info: Character `@' is missing
(microtype)             in font `EU2/FontAwesome(0)/m/it/10'.
(microtype)             Ignoring protrusion settings for this character.
Package microtype Info: Character `~' is missing
(microtype)             in font `EU2/FontAwesome(0)/m/it/10'.
(microtype)             Ignoring protrusion settings for this character.
Package microtype Info: Character `%' is missing
(microtype)             in font `EU2/FontAwesome(0)/m/it/10'.
(microtype)             Ignoring protrusion settings for this character.
Package microtype Info: Character `*' is missing
(microtype)             in font `EU2/FontAwesome(0)/m/it/10'.
(microtype)             Ignoring protrusion settings for this character.
Package microtype Info: Character `+' is missing
(microtype)             in font `EU2/FontAwesome(0)/m/it/10'.
(microtype)             Ignoring protrusion settings for this character.
Package microtype Info: Character `(' is missing
(microtype)             in font `EU2/FontAwesome(0)/m/it/10'.
(microtype)             Ignoring protrusion settings for this character.
Package microtype Info: Character `)' is missing
(microtype)             in font `EU2/FontAwesome(0)/m/it/10'.
(microtype)             Ignoring protrusion settings for this character.
Package microtype Info: Character `/' is missing
(microtype)             in font `EU2/FontAwesome(0)/m/it/10'.
(microtype)             Ignoring protrusion settings for this character.
Package microtype Info: Character `-' is missing
(microtype)             in font `EU2/FontAwesome(0)/m/it/10'.
(microtype)             Ignoring protrusion settings for this character.
Package microtype Info: Character `textendash ' is missing
(microtype)             in font `EU2/FontAwesome(0)/m/it/10'.
(microtype)             Ignoring protrusion settings for this character.
Package microtype Info: Character `textemdash ' is missing
(microtype)             in font `EU2/FontAwesome(0)/m/it/10'.
(microtype)             Ignoring protrusion settings for this character.
Package microtype Info: Character `textquoteleft ' is missing
(microtype)             in font `EU2/FontAwesome(0)/m/it/10'.
(microtype)             Ignoring protrusion settings for this character.
Package microtype Info: Character `textquoteright ' is missing
(microtype)             in font `EU2/FontAwesome(0)/m/it/10'.
(microtype)             Ignoring protrusion settings for this character.
Package microtype Info: Character `textquotedblleft ' is missing
(microtype)             in font `EU2/FontAwesome(0)/m/it/10'.
(microtype)             Ignoring protrusion settings for this character.
Package microtype Info: Character `textquotedblright ' is missing
(microtype)             in font `EU2/FontAwesome(0)/m/it/10'.
(microtype)             Ignoring protrusion settings for this character.
Package microtype Info: Character `_' is missing
(microtype)             in font `EU2/FontAwesome(0)/m/it/10'.
(microtype)             Ignoring protrusion settings for this character.
Package microtype Info: Character `textbackslash ' is missing
(microtype)             in font `EU2/FontAwesome(0)/m/it/10'.
(microtype)             Ignoring protrusion settings for this character.
Package microtype Info: Character `quotesinglbase ' is missing
(microtype)             in font `EU2/FontAwesome(0)/m/it/10'.
(microtype)             Ignoring protrusion settings for this character.
Package microtype Info: Character `quotedblbase ' is missing
(microtype)             in font `EU2/FontAwesome(0)/m/it/10'.
(microtype)             Ignoring protrusion settings for this character.
Package microtype Info: Character `guilsinglleft ' is missing
(microtype)             in font `EU2/FontAwesome(0)/m/it/10'.
(microtype)             Ignoring protrusion settings for this character.
Package microtype Info: Character `guilsinglright ' is missing
(microtype)             in font `EU2/FontAwesome(0)/m/it/10'.
(microtype)             Ignoring protrusion settings for this character.
Package microtype Info: Character `guillemotleft ' is missing
(microtype)             in font `EU2/FontAwesome(0)/m/it/10'.
(microtype)             Ignoring protrusion settings for this character.
Package microtype Info: Character `guillemotright ' is missing
(microtype)             in font `EU2/FontAwesome(0)/m/it/10'.
(microtype)             Ignoring protrusion settings for this character.
Package microtype Info: Character `textexclamdown ' is missing
(microtype)             in font `EU2/FontAwesome(0)/m/it/10'.
(microtype)             Ignoring protrusion settings for this character.
Package microtype Info: Character `textquestiondown ' is missing
(microtype)             in font `EU2/FontAwesome(0)/m/it/10'.
(microtype)             Ignoring protrusion settings for this character.
Package microtype Info: Character `textbraceleft ' is missing
(microtype)             in font `EU2/FontAwesome(0)/m/it/10'.
(microtype)             Ignoring protrusion settings for this character.
Package microtype Info: Character `textbraceright ' is missing
(microtype)             in font `EU2/FontAwesome(0)/m/it/10'.
(microtype)             Ignoring protrusion settings for this character.
Package microtype Info: Character `textless ' is missing
(microtype)             in font `EU2/FontAwesome(0)/m/it/10'.
(microtype)             Ignoring protrusion settings for this character.
Package microtype Info: Character `textgreater ' is missing
(microtype)             in font `EU2/FontAwesome(0)/m/it/10'.
(microtype)             Ignoring protrusion settings for this character.
(compiling luc: /usr/local/texlive/2015/texmf-var/luatex-cache/generic/fonts/otf
/lmroman9-regular.luc)(load luc: /Users/dhandl/Library/texlive/2015/texmf-var/lu
atex-cache/generic/fonts/otf/lmroman9-regular.luc)

LaTeX Font Warning: Font shape `EU2/lmss/m/sc' in size <10.95> not available
(Font)              Font shape `EU2/lmr/m/sc' tried instead on input line 96.

luaotfload | main : loading virtual font file /usr/local/texlive/2015/texmf-dist
/fonts/vf/adobe/palatino/pplr9t.vf.
luaotfload | main : loading virtual font file /usr/local/texlive/2015/texmf-dist
/fonts/vf/adobe/palatino/pplr9t.vf.
luaotfload | main : loading virtual font file /usr/local/texlive/2015/texmf-dist
/fonts/vf/adobe/palatino/pplr9t.vf.
luaotfload | main : loading virtual font file /usr/local/texlive/2015/texmf-dist
/fonts/vf/public/mathpazo/zplmr7m.vf.
luaotfload | main : loading virtual font file /usr/local/texlive/2015/texmf-dist
/fonts/vf/public/mathpazo/zplmr7m.vf.
luaotfload | main : loading virtual font file /usr/local/texlive/2015/texmf-dist
/fonts/vf/public/mathpazo/zplmr7m.vf.
luaotfload | main : loading virtual font file /usr/local/texlive/2015/texmf-dist
/fonts/vf/public/mathpazo/zplmr7y.vf.
luaotfload | main : loading virtual font file /usr/local/texlive/2015/texmf-dist
/fonts/vf/public/mathpazo/zplmr7y.vf.
luaotfload | main : loading virtual font file /usr/local/texlive/2015/texmf-dist
/fonts/vf/public/mathpazo/zplmr7y.vf.
luaotfload | main : loading virtual font file /usr/local/texlive/2015/texmf-dist
/fonts/vf/public/mathpazo/zplmr7v.vf.
luaotfload | main : loading virtual font file /usr/local/texlive/2015/texmf-dist
/fonts/vf/public/mathpazo/zplmr7v.vf.
luaotfload | main : loading virtual font file /usr/local/texlive/2015/texmf-dist
/fonts/vf/public/mathpazo/zplmr7v.vf.
luaotfload | main : loading virtual font file /usr/local/texlive/2015/texmf-dist
/fonts/vf/public/mathpazo/zplmr7t.vf.
luaotfload | main : loading virtual font file /usr/local/texlive/2015/texmf-dist
/fonts/vf/public/mathpazo/zplmr7t.vf.
luaotfload | main : loading virtual font file /usr/local/texlive/2015/texmf-dist
/fonts/vf/public/mathpazo/zplmr7t.vf.

Class scrartcl Warning: Usage of deprecated font command `\rm'!
(scrartcl)              You should note, that in 1994 font command `\rm' has
(scrartcl)              been defined for compatiblitiy to Script 2.0 only.
(scrartcl)              Now, after two decades of LaTeX2e and NFSS2, you
(scrartcl)              shouldn't use such commands any longer and within
(scrartcl)              KOMA-Script usage of `\rm' is definitely deprecated.
(scrartcl)              See `fntguide.pdf' for more information about
(scrartcl)              recommended font commands.
(scrartcl)              Note also, that KOMA-Script will remove the definition
(scrartcl)              of `\rm' anytime until release of about version 3.20.
(scrartcl)              But for now, KOMA-Script will replace deprecated `\rm'
(scrartcl)              by `\mathrm ' on input line 104.


Class scrartcl Warning: Usage of deprecated font command `\rm'!
(scrartcl)              You should note, that in 1994 font command `\rm' has
(scrartcl)              been defined for compatiblitiy to Script 2.0 only.
(scrartcl)              Now, after two decades of LaTeX2e and NFSS2, you
(scrartcl)              shouldn't use such commands any longer and within
(scrartcl)              KOMA-Script usage of `\rm' is definitely deprecated.
(scrartcl)              See `fntguide.pdf' for more information about
(scrartcl)              recommended font commands.
(scrartcl)              Note also, that KOMA-Script will remove the definition
(scrartcl)              of `\rm' anytime until release of about version 3.20.
(scrartcl)              But for now, KOMA-Script will replace deprecated `\rm'
(scrartcl)              by `\mathrm ' on input line 104.

[1

{/usr/local/texlive/2015/texmf-var/fonts/map/pdftex/updmap/pdftex.map}](compilin
g luc: /usr/local/texlive/2015/texmf-var/luatex-cache/generic/fonts/otf/lmroman9
-italic.luc)(load luc: /Users/dhandl/Library/texlive/2015/texmf-var/luatex-cache
/generic/fonts/otf/lmroman9-italic.luc)
LaTeX Font Info:    Try loading font information for EU2+lmtt on input line 131.


(/usr/local/texlive/2015/texmf-dist/tex/latex/euenc/eu2lmtt.fd
File: eu2lmtt.fd 2009/10/30 v1.6 Font defs for Latin Modern
)(compiling luc: /usr/local/texlive/2015/texmf-var/luatex-cache/generic/fonts/ot
f/lmmono9-regular.luc)(load luc: /Users/dhandl/Library/texlive/2015/texmf-var/lu
atex-cache/generic/fonts/otf/lmmono9-regular.luc)
Package microtype Info: Loading generic settings for font family
(microtype)             `lmtt' (encoding: EU2).
(microtype)             For optimal results, create family-specific settings.
(microtype)             See the microtype manual for details.
\langbox=\skip306
Package atveryend Info: Empty hook `BeforeClearDocument' on input line 277.
 [2]
Package atveryend Info: Empty hook `AfterLastShipout' on input line 277.
 (./cv_8.aux)
Package atveryend Info: Executing hook `AtVeryEndDocument' on input line 277.
Package atveryend Info: Executing hook `AtEndAfterFileList' on input line 277.
Package rerunfilecheck Info: File `cv_8.out' has not changed.
(rerunfilecheck)             Checksum: D41D8CD98F00B204E9800998ECF8427E;0.


LaTeX Font Warning: Some font shapes were not available, defaults substituted.

Package atveryend Info: Empty hook `AtVeryVeryEnd' on input line 277.
)

Here is how much of LuaTeX's memory you used:
 24581 strings out of 494693
 100000,662416 words of node,token memory allocated
 614 words of node memory still in use:
   4 hlist, 1 vlist, 1 rule, 2 glue, 1 kern, 15 glyph, 11 attribute, 83 glue_spe
c, 11 attribute_list, 1 write nodes
   avail lists: 2:8693,3:93,4:865,5:203,6:2831,7:189,8:4,9:82,10:317
 27526 multiletter control sequences out of 65536+600000
 131 fonts using 8092967 bytes
 67i,7n,66p,1162b,428s stack positions out of 5000i,500n,10000p,200000b,100000s
</usr/local/texlive/2015/texmf-dist/fonts/opentype/public/lm/lmmono9-regular.otf
>{/usr/local/texlive/2015/texmf-dist/fonts/enc/dvips/base/8r.enc}</usr/local/tex
live/2015/texmf-dist/fonts/opentype/public/lm/lmroman9-italic.otf></usr/local/te
xlive/2015/texmf-dist/fonts/opentype/public/lm/lmroman9-regular.otf></usr/local/
texlive/2015/texmf-dist/fonts/opentype/public/lm/lmroman10-regular.otf></usr/loc
al/texlive/2015/texmf-dist/fonts/opentype/public/lm/lmroman10-italic.otf></usr/l
ocal/texlive/2015/texmf-dist/fonts/opentype/public/fontawesome/FontAwesome.otf><
/usr/local/texlive/2015/texmf-dist/fonts/opentype/public/lm/lmromancaps10-regula
r.otf></usr/local/texlive/2015/texmf-dist/fonts/opentype/public/lm/lmroman17-reg
ular.otf><</usr/local/texlive/2015/texmf-dist/fonts/type1/public/amsfonts/cm/cmr
10.pfb><</usr/local/texlive/2015/texmf-dist/fonts/type1/public/amsfonts/cm/cmsy1
0.pfb><</usr/local/texlive/2015/texmf-dist/fonts/type1/urw/palatino/uplr8a.pfb><
</usr/local/texlive/2015/texmf-dist/fonts/type1/urw/palatino/uplri8a.pfb>
Output written on cv_8.pdf (2 pages, 76149 bytes).

PDF statistics: 94 PDF objects out of 1000 (max. 8388607)
 61 compressed objects within 1 object stream
 3 named destinations out of 1000 (max. 131072)
 1 words of extra memory for PDF output out of 10000 (max. 10000000)

